# JRE version: OpenJDK Runtime Environment (8.0_152-b01) (build 1.8.0_152-release-1248-b01)
# Java VM: OpenJDK 64-Bit Server VM (25.152-b01 mixed mode linux-amd64 compressed oops)
Heap:
 PSYoungGen      total 198656K, used 20448K [0x00000000e0000000, 0x00000000edc00000, 0x0000000100000000)
  eden space 178176K, 0% used [0x00000000e0000000,0x00000000e0000000,0x00000000eae00000)
  from space 20480K, 99% used [0x00000000eb400000,0x00000000ec7f8358,0x00000000ec800000)
  to   space 17408K, 0% used [0x00000000ecb00000,0x00000000ecb00000,0x00000000edc00000)
 ParOldGen       total 93696K, used 79977K [0x00000000a0000000, 0x00000000a5b80000, 0x00000000e0000000)
  object space 93696K, 85% used [0x00000000a0000000,0x00000000a4e1a590,0x00000000a5b80000)
 Metaspace       used 68223K, capacity 69888K, committed 70056K, reserved 1110016K
  class space    used 9130K, capacity 9593K, committed 9648K, reserved 1048576K
GC Heap History (10 events):
Event: 11.362 GC heap after
Heap after GC invocations=13 (full 2):
 PSYoungGen      total 131584K, used 12257K [0x00000000e0000000, 0x00000000eb080000, 0x0000000100000000)
  eden space 119296K, 0% used [0x00000000e0000000,0x00000000e0000000,0x00000000e7480000)
  from space 12288K, 99% used [0x00000000e7480000,0x00000000e80786b8,0x00000000e8080000)
  to   space 14848K, 0% used [0x00000000ea200000,0x00000000ea200000,0x00000000eb080000)
 ParOldGen       total 58880K, used 18847K [0x00000000a0000000, 0x00000000a3980000, 0x00000000e0000000)
  object space 58880K, 32% used [0x00000000a0000000,0x00000000a1267ef8,0x00000000a3980000)
 Metaspace       used 43133K, capacity 43976K, committed 44328K, reserved 1087488K
  class space    used 5849K, capacity 6133K, committed 6192K, reserved 1048576K
}
Event: 13.356 GC heap before
{Heap before GC invocations=14 (full 2):
 PSYoungGen      total 131584K, used 131553K [0x00000000e0000000, 0x00000000eb080000, 0x0000000100000000)
  eden space 119296K, 100% used [0x00000000e0000000,0x00000000e7480000,0x00000000e7480000)
  from space 12288K, 99% used [0x00000000e7480000,0x00000000e80786b8,0x00000000e8080000)
  to   space 14848K, 0% used [0x00000000ea200000,0x00000000ea200000,0x00000000eb080000)
 ParOldGen       total 58880K, used 18847K [0x00000000a0000000, 0x00000000a3980000, 0x00000000e0000000)
  object space 58880K, 32% used [0x00000000a0000000,0x00000000a1267ef8,0x00000000a3980000)
 Metaspace       used 51012K, capacity 52202K, committed 52392K, reserved 1093632K
  class space    used 6874K, capacity 7246K, committed 7344K, reserved 1048576K
Event: 13.378 GC heap after
Heap after GC invocations=14 (full 2):
 PSYoungGen      total 163328K, used 14817K [0x00000000e0000000, 0x00000000eb400000, 0x0000000100000000)
  eden space 148480K, 0% used [0x00000000e0000000,0x00000000e0000000,0x00000000e9100000)
  from space 14848K, 99% used [0x00000000ea200000,0x00000000eb078400,0x00000000eb080000)
  to   space 17408K, 0% used [0x00000000e9100000,0x00000000e9100000,0x00000000ea200000)
 ParOldGen       total 58880K, used 19663K [0x00000000a0000000, 0x00000000a3980000, 0x00000000e0000000)
  object space 58880K, 33% used [0x00000000a0000000,0x00000000a1333c78,0x00000000a3980000)
 Metaspace       used 51012K, capacity 52202K, committed 52392K, reserved 1093632K
  class space    used 6874K, capacity 7246K, committed 7344K, reserved 1048576K
}
Event: 14.891 GC heap before
{Heap before GC invocations=15 (full 2):
 PSYoungGen      total 163328K, used 102765K [0x00000000e0000000, 0x00000000eb400000, 0x0000000100000000)
  eden space 148480K, 59% used [0x00000000e0000000,0x00000000e55e3048,0x00000000e9100000)
  from space 14848K, 99% used [0x00000000ea200000,0x00000000eb078400,0x00000000eb080000)
  to   space 17408K, 0% used [0x00000000e9100000,0x00000000e9100000,0x00000000ea200000)
 ParOldGen       total 58880K, used 19663K [0x00000000a0000000, 0x00000000a3980000, 0x00000000e0000000)
  object space 58880K, 33% used [0x00000000a0000000,0x00000000a1333c78,0x00000000a3980000)
 Metaspace       used 57545K, capacity 59030K, committed 59160K, reserved 1099776K
  class space    used 7873K, capacity 8274K, committed 8368K, reserved 1048576K
Event: 14.935 GC heap after
Heap after GC invocations=15 (full 2):
 PSYoungGen      total 165888K, used 10073K [0x00000000e0000000, 0x00000000edc00000, 0x0000000100000000)
  eden space 148480K, 0% used [0x00000000e0000000,0x00000000e0000000,0x00000000e9100000)
  from space 17408K, 57% used [0x00000000e9100000,0x00000000e9ad6570,0x00000000ea200000)
  to   space 17408K, 0% used [0x00000000ecb00000,0x00000000ecb00000,0x00000000edc00000)
 ParOldGen       total 58880K, used 29878K [0x00000000a0000000, 0x00000000a3980000, 0x00000000e0000000)
  object space 58880K, 50% used [0x00000000a0000000,0x00000000a1d2db08,0x00000000a3980000)
 Metaspace       used 57545K, capacity 59030K, committed 59160K, reserved 1099776K
  class space    used 7873K, capacity 8274K, committed 8368K, reserved 1048576K
}
Event: 14.935 GC heap before
{Heap before GC invocations=16 (full 3):
 PSYoungGen      total 165888K, used 10073K [0x00000000e0000000, 0x00000000edc00000, 0x0000000100000000)
  eden space 148480K, 0% used [0x00000000e0000000,0x00000000e0000000,0x00000000e9100000)
  from space 17408K, 57% used [0x00000000e9100000,0x00000000e9ad6570,0x00000000ea200000)
  to   space 17408K, 0% used [0x00000000ecb00000,0x00000000ecb00000,0x00000000edc00000)
 ParOldGen       total 58880K, used 29878K [0x00000000a0000000, 0x00000000a3980000, 0x00000000e0000000)
  object space 58880K, 50% used [0x00000000a0000000,0x00000000a1d2db08,0x00000000a3980000)
 Metaspace       used 57545K, capacity 59030K, committed 59160K, reserved 1099776K
  class space    used 7873K, capacity 8274K, committed 8368K, reserved 1048576K
Event: 15.286 GC heap after
Heap after GC invocations=16 (full 3):
 PSYoungGen      total 165888K, used 0K [0x00000000e0000000, 0x00000000edc00000, 0x0000000100000000)
  eden space 148480K, 0% used [0x00000000e0000000,0x00000000e0000000,0x00000000e9100000)
  from space 17408K, 0% used [0x00000000e9100000,0x00000000e9100000,0x00000000ea200000)
  to   space 17408K, 0% used [0x00000000ecb00000,0x00000000ecb00000,0x00000000edc00000)
 ParOldGen       total 93696K, used 34280K [0x00000000a0000000, 0x00000000a5b80000, 0x00000000e0000000)
  object space 93696K, 36% used [0x00000000a0000000,0x00000000a217a3d8,0x00000000a5b80000)
 Metaspace       used 57545K, capacity 59030K, committed 59160K, reserved 1099776K
  class space    used 7873K, capacity 8274K, committed 8368K, reserved 1048576K
}
Event: 19.144 GC heap before
{Heap before GC invocations=17 (full 3):
 PSYoungGen      total 165888K, used 148442K [0x00000000e0000000, 0x00000000edc00000, 0x0000000100000000)
  eden space 148480K, 99% used [0x00000000e0000000,0x00000000e90f6b50,0x00000000e9100000)
  from space 17408K, 0% used [0x00000000e9100000,0x00000000e9100000,0x00000000ea200000)
  to   space 17408K, 0% used [0x00000000ecb00000,0x00000000ecb00000,0x00000000edc00000)
 ParOldGen       total 93696K, used 34280K [0x00000000a0000000, 0x00000000a5b80000, 0x00000000e0000000)
  object space 93696K, 36% used [0x00000000a0000000,0x00000000a217a3d8,0x00000000a5b80000)
 Metaspace       used 63226K, capacity 64854K, committed 65064K, reserved 1105920K
  class space    used 8558K, capacity 9008K, committed 9008K, reserved 1048576K
Event: 19.177 GC heap after
Heap after GC invocations=17 (full 3):
 PSYoungGen      total 195584K, used 17401K [0x00000000e0000000, 0x00000000edc00000, 0x0000000100000000)
  eden space 178176K, 0% used [0x00000000e0000000,0x00000000e0000000,0x00000000eae00000)
  from space 17408K, 99% used [0x00000000ecb00000,0x00000000edbfe400,0x00000000edc00000)
  to   space 20480K, 0% used [0x00000000eb400000,0x00000000eb400000,0x00000000ec800000)
 ParOldGen       total 93696K, used 35519K [0x00000000a0000000, 0x00000000a5b80000, 0x00000000e0000000)
  object space 93696K, 37% used [0x00000000a0000000,0x00000000a22affe0,0x00000000a5b80000)
 Metaspace       used 63226K, capacity 64854K, committed 65064K, reserved 1105920K
  class space    used 8558K, capacity 9008K, committed 9008K, reserved 1048576K
}
Event: 22.381 GC heap before
{Heap before GC invocations=18 (full 3):
 PSYoungGen      total 195584K, used 195577K [0x00000000e0000000, 0x00000000edc00000, 0x0000000100000000)
  eden space 178176K, 100% used [0x00000000e0000000,0x00000000eae00000,0x00000000eae00000)
  from space 17408K, 99% used [0x00000000ecb00000,0x00000000edbfe400,0x00000000edc00000)
  to   space 20480K, 0% used [0x00000000eb400000,0x00000000eb400000,0x00000000ec800000)
 ParOldGen       total 93696K, used 35519K [0x00000000a0000000, 0x00000000a5b80000, 0x00000000e0000000)
  object space 93696K, 37% used [0x00000000a0000000,0x00000000a22affe0,0x00000000a5b80000)
 Metaspace       used 68223K, capacity 69888K, committed 70056K, reserved 1110016K
  class space    used 9130K, capacity 9593K, committed 9648K, reserved 1048576K

